Business_card/Library/Bee/Android/Prj/IL2CPP/Gradle/unityLibrary/build/intermediates/manifest_merge_blame_file/release/manifest-merger-blame-release-report.txt
1<?xml version="1.0" encoding="utf-8"?>
2<manifest xmlns:android="http://schemas.android.com/apk/res/android"
3    xmlns:tools="http://schemas.android.com/tools"
4    package="com.unity3d.player"
5    android:versionCode="1"
6    android:versionName="0.1" >
7
8    <uses-sdk
9        android:minSdkVersion="29"
9-->src\main\AndroidManifest.xml
10        android:targetSdkVersion="30" />
10-->src\main\AndroidManifest.xml
11
12    <uses-feature android:glEsVersion="0x00030000" />
12-->src\main\AndroidManifest.xml:20:3-52
12-->src\main\AndroidManifest.xml:20:17-49
13
14    <uses-permission android:name="android.permission.INTERNET" />
14-->src\main\AndroidManifest.xml:21:3-65
14-->src\main\AndroidManifest.xml:21:20-62
15    <uses-permission android:name="android.permission.ACCESS_NETWORK_STATE" />
15-->src\main\AndroidManifest.xml:22:3-77
15-->src\main\AndroidManifest.xml:22:20-74
16    <uses-permission android:name="android.permission.CAMERA" />
16-->src\main\AndroidManifest.xml:23:3-63
16-->src\main\AndroidManifest.xml:23:20-60
17
18    <uses-feature
18-->src\main\AndroidManifest.xml:24:3-83
19        android:name="android.hardware.camera"
19-->src\main\AndroidManifest.xml:24:17-55
20        android:required="false" />
20-->src\main\AndroidManifest.xml:24:56-80
21    <uses-feature
21-->src\main\AndroidManifest.xml:25:3-93
22        android:name="android.hardware.camera.autofocus"
22-->src\main\AndroidManifest.xml:25:17-65
23        android:required="false" />
23-->src\main\AndroidManifest.xml:25:66-90
24    <uses-feature
24-->src\main\AndroidManifest.xml:26:3-89
25        android:name="android.hardware.camera.front"
25-->src\main\AndroidManifest.xml:26:17-61
26        android:required="false" />
26-->src\main\AndroidManifest.xml:26:62-86
27
28    <uses-permission android:name="android.permission.RECORD_AUDIO" />
28-->src\main\AndroidManifest.xml:27:3-69
28-->src\main\AndroidManifest.xml:27:20-66
29    <uses-permission android:name="android.permission.MODIFY_AUDIO_SETTINGS" />
29-->src\main\AndroidManifest.xml:28:3-78
29-->src\main\AndroidManifest.xml:28:20-75
30    <uses-permission android:name="android.permission.BLUETOOTH" />
30-->src\main\AndroidManifest.xml:29:3-66
30-->src\main\AndroidManifest.xml:29:20-63
31
32    <uses-feature
32-->src\main\AndroidManifest.xml:30:3-87
33        android:name="android.hardware.microphone"
33-->src\main\AndroidManifest.xml:30:17-59
34        android:required="false" />
34-->src\main\AndroidManifest.xml:30:60-84
35    <uses-feature
35-->src\main\AndroidManifest.xml:31:3-88
36        android:name="android.hardware.touchscreen"
36-->src\main\AndroidManifest.xml:31:17-60
37        android:required="false" />
37-->src\main\AndroidManifest.xml:31:61-85
38    <uses-feature
38-->src\main\AndroidManifest.xml:32:3-99
39        android:name="android.hardware.touchscreen.multitouch"
39-->src\main\AndroidManifest.xml:32:17-71
40        android:required="false" />
40-->src\main\AndroidManifest.xml:32:72-96
41    <uses-feature
41-->src\main\AndroidManifest.xml:33:3-108
42        android:name="android.hardware.touchscreen.multitouch.distinct"
42-->src\main\AndroidManifest.xml:33:17-80
43        android:required="false" />
43-->src\main\AndroidManifest.xml:33:81-105
44
45    <uses-permission android:name="android.permission.MICROPHONE" />
45-->src\main\AndroidManifest.xml:34:3-67
45-->src\main\AndroidManifest.xml:34:20-64
46    <uses-permission android:name="android.permission.READ_EXTERNAL_STORAGE" />
46-->src\main\AndroidManifest.xml:35:3-78
46-->src\main\AndroidManifest.xml:35:20-75
47    <uses-permission android:name="android.permission.Write_EXTERNAL_STORAGE" />
47-->src\main\AndroidManifest.xml:36:3-79
47-->src\main\AndroidManifest.xml:36:20-76
48
49    <uses-feature
49-->src\main\AndroidManifest.xml:37:3-85
50        android:name="android.hardware.camera.ar"
50-->src\main\AndroidManifest.xml:37:17-58
51        android:required="true" />
51-->src\main\AndroidManifest.xml:37:59-82
52    <uses-feature
52-->src\main\AndroidManifest.xml:38:3-83
53        android:name="com.google.ar.core.depth"
53-->src\main\AndroidManifest.xml:38:17-56
54        android:required="true" />
54-->src\main\AndroidManifest.xml:38:57-80
55
56    <application
56-->src\main\AndroidManifest.xml:3:3-19:17
57        android:allowBackup="false"
57-->src\main\AndroidManifest.xml:3:49-76
58        android:extractNativeLibs="true"
58-->src\main\AndroidManifest.xml:3:16-48
59        tools:replace="android:allowBackup" >
59-->src\main\AndroidManifest.xml:3:77-112
60        <activity
60-->src\main\AndroidManifest.xml:4:5-11:16
61            android:name="com.unity3d.player.UnityPlayerActivity"
61-->src\main\AndroidManifest.xml:4:15-68
62            android:configChanges="mcc|mnc|locale|touchscreen|keyboard|keyboardHidden|navigation|orientation|screenLayout|uiMode|screenSize|smallestScreenSize|fontScale|layoutDirection|density"
62-->src\main\AndroidManifest.xml:4:180-361
63            android:hardwareAccelerated="True"
63-->src\main\AndroidManifest.xml:4:397-431
64            android:launchMode="singleTask"
64-->src\main\AndroidManifest.xml:4:148-179
65            android:resizeableActivity="false"
65-->src\main\AndroidManifest.xml:4:362-396
66            android:screenOrientation="fullUser"
66-->src\main\AndroidManifest.xml:4:111-147
67            android:theme="@style/UnityThemeSelector"
67-->src\main\AndroidManifest.xml:4:69-110
68            android:usesCleartextTraffic="True" >
68-->src\main\AndroidManifest.xml:4:432-467
69            <intent-filter>
69-->src\main\AndroidManifest.xml:5:7-8:23
70                <action android:name="android.intent.action.MAIN" />
70-->src\main\AndroidManifest.xml:6:9-61
70-->src\main\AndroidManifest.xml:6:17-58
71
72                <category android:name="android.intent.category.LAUNCHER" />
72-->src\main\AndroidManifest.xml:7:9-69
72-->src\main\AndroidManifest.xml:7:19-66
73            </intent-filter>
74
75            <meta-data
75-->src\main\AndroidManifest.xml:9:7-82
76                android:name="unityplayer.UnityActivity"
76-->src\main\AndroidManifest.xml:9:18-58
77                android:value="true" />
77-->src\main\AndroidManifest.xml:9:59-79
78            <meta-data
78-->src\main\AndroidManifest.xml:10:7-78
79                android:name="android.notch_support"
79-->src\main\AndroidManifest.xml:10:18-54
80                android:value="true" />
80-->src\main\AndroidManifest.xml:10:55-75
81        </activity>
82
83        <meta-data
83-->src\main\AndroidManifest.xml:12:5-69
84            android:name="unity.splash-mode"
84-->src\main\AndroidManifest.xml:12:16-48
85            android:value="0" />
85-->src\main\AndroidManifest.xml:12:49-66
86        <meta-data
86-->src\main\AndroidManifest.xml:13:5-74
87            android:name="unity.splash-enable"
87-->src\main\AndroidManifest.xml:13:16-50
88            android:value="True" />
88-->src\main\AndroidManifest.xml:13:51-71
89        <meta-data
89-->src\main\AndroidManifest.xml:14:5-78
90            android:name="unity.launch-fullscreen"
90-->src\main\AndroidManifest.xml:14:16-54
91            android:value="True" />
91-->src\main\AndroidManifest.xml:14:55-75
92        <meta-data
92-->src\main\AndroidManifest.xml:15:5-84
93            android:name="unity.allow-resizable-window"
93-->src\main\AndroidManifest.xml:15:16-59
94            android:value="False" />
94-->src\main\AndroidManifest.xml:15:60-81
95        <meta-data
95-->src\main\AndroidManifest.xml:16:5-81
96            android:name="notch.config"
96-->src\main\AndroidManifest.xml:16:16-43
97            android:value="portrait|landscape" />
97-->src\main\AndroidManifest.xml:16:44-78
98        <meta-data
98-->src\main\AndroidManifest.xml:17:5-77
99            android:name="com.google.ar.core"
99-->src\main\AndroidManifest.xml:17:16-49
100            android:value="required" />
100-->src\main\AndroidManifest.xml:17:50-74
101        <meta-data
101-->src\main\AndroidManifest.xml:18:5-88
102            android:name="unityplayer.SkipPermissionsDialog"
102-->src\main\AndroidManifest.xml:18:16-64
103            android:value="true" />
103-->src\main\AndroidManifest.xml:18:65-85
104    </application>
105
106</manifest>